
/home/runner/work/exp-finite-fields-iiith/exp-finite-fields-iiith/experiment/simulation/js/euclidean-division.js
    1:10  warning  'MathQuill' is not defined                       no-undef
    5:5   warning  'mField1' is assigned a value but never used     no-unused-vars
   12:10  warning  'confirm1' is defined but never used             no-unused-vars
   49:10  warning  'confirm2' is defined but never used             no-unused-vars
   82:5   warning  'mathField1' is assigned a value but never used  no-unused-vars
   94:10  warning  'check1' is defined but never used               no-unused-vars
  131:10  warning  'check2' is defined but never used               no-unused-vars
  166:10  warning  'check3' is defined but never used               no-unused-vars
  194:10  warning  'page1' is defined but never used                no-unused-vars
  217:10  warning  'page2' is defined but never used                no-unused-vars

/home/runner/work/exp-finite-fields-iiith/exp-finite-fields-iiith/experiment/simulation/js/finite-field.js
    1:10  warning  'MathQuill' is not defined                       no-undef
    4:5   warning  'mathField1' is assigned a value but never used  no-unused-vars
    7:5   warning  'mathField2' is assigned a value but never used  no-unused-vars
   10:5   warning  'mathField3' is assigned a value but never used  no-unused-vars
   13:5   warning  'mathField4' is assigned a value but never used  no-unused-vars
   16:5   warning  'mathField5' is assigned a value but never used  no-unused-vars
   19:5   warning  'mathField6' is assigned a value but never used  no-unused-vars
   22:5   warning  'mathField7' is assigned a value but never used  no-unused-vars
   25:5   warning  'mathField8' is assigned a value but never used  no-unused-vars
   27:10  warning  'check1' is defined but never used               no-unused-vars
   54:10  warning  'check2' is defined but never used               no-unused-vars
   80:10  warning  'check3' is defined but never used               no-unused-vars
  108:10  warning  'check4' is defined but never used               no-unused-vars
  134:10  warning  'check5' is defined but never used               no-unused-vars
  160:10  warning  'check6' is defined but never used               no-unused-vars
  188:10  warning  'check7' is defined but never used               no-unused-vars
  214:10  warning  'check8' is defined but never used               no-unused-vars
  240:10  warning  'page1' is defined but never used                no-unused-vars
  286:10  warning  'page2' is defined but never used                no-unused-vars
  369:5   warning  'mField1' is assigned a value but never used     no-unused-vars
  372:5   warning  'mField2' is assigned a value but never used     no-unused-vars
  375:5   warning  'mField3' is assigned a value but never used     no-unused-vars
  378:5   warning  'mField4' is assigned a value but never used     no-unused-vars
  381:5   warning  'mField5' is assigned a value but never used     no-unused-vars
  384:5   warning  'mField6' is assigned a value but never used     no-unused-vars
  387:5   warning  'mField7' is assigned a value but never used     no-unused-vars
  390:5   warning  'mField8' is assigned a value but never used     no-unused-vars
  393:5   warning  'mField9' is assigned a value but never used     no-unused-vars
  396:5   warning  'mField10' is assigned a value but never used    no-unused-vars
  399:5   warning  'mField11' is assigned a value but never used    no-unused-vars
  402:5   warning  'mField12' is assigned a value but never used    no-unused-vars
  405:5   warning  'mField13' is assigned a value but never used    no-unused-vars
  408:5   warning  'mField14' is assigned a value but never used    no-unused-vars
  411:5   warning  'mField15' is assigned a value but never used    no-unused-vars
  414:5   warning  'mField16' is assigned a value but never used    no-unused-vars
  416:10  warning  'confirm1' is defined but never used             no-unused-vars
  443:10  warning  'confirm2' is defined but never used             no-unused-vars
  470:10  warning  'confirm3' is defined but never used             no-unused-vars
  497:10  warning  'confirm4' is defined but never used             no-unused-vars
  524:10  warning  'confirm5' is defined but never used             no-unused-vars
  551:10  warning  'confirm6' is defined but never used             no-unused-vars
  578:10  warning  'confirm7' is defined but never used             no-unused-vars
  605:10  warning  'confirm8' is defined but never used             no-unused-vars
  639:10  warning  'confirm9' is defined but never used             no-unused-vars
  670:10  warning  'confirm10' is defined but never used            no-unused-vars
  697:10  warning  'confirm11' is defined but never used            no-unused-vars
  724:10  warning  'confirm12' is defined but never used            no-unused-vars
  753:10  warning  'confirm13' is defined but never used            no-unused-vars
  782:10  warning  'confirm14' is defined but never used            no-unused-vars
  821:10  warning  'confirm15' is defined but never used            no-unused-vars
  850:10  warning  'confirm16' is defined but never used            no-unused-vars

/home/runner/work/exp-finite-fields-iiith/exp-finite-fields-iiith/experiment/simulation/js/minimal-polynomial.js
    3:10  warning  'click1' is defined but never used  no-unused-vars
   37:10  warning  'click2' is defined but never used  no-unused-vars
  151:10  warning  'page1' is defined but never used   no-unused-vars
  196:10  warning  'page2' is defined but never used   no-unused-vars
  257:10  warning  'click3' is defined but never used  no-unused-vars
  300:10  warning  'click4' is defined but never used  no-unused-vars

✖ 67 problems (0 errors, 67 warnings)

